{"name": "test_book_a_gropu_lesson[chrome]", "status": "broken", "statusDetails": {"message": "selenium.common.exceptions.TimeoutException: Message: \nStacktrace:\n\tGetHandleVerifier [0x00007FF6044E9632+30946]\n\t(No symbol) [0x00007FF60449E3C9]\n\t(No symbol) [0x00007FF604396FDA]\n\t(No symbol) [0x00007FF6043E822C]\n\t(No symbol) [0x00007FF6043E850C]\n\t(No symbol) [0x00007FF60442DCB7]\n\t(No symbol) [0x00007FF60440CAAF]\n\t(No symbol) [0x00007FF60442B041]\n\t(No symbol) [0x00007FF60440C813]\n\t(No symbol) [0x00007FF6043DA6E5]\n\t(No symbol) [0x00007FF6043DB021]\n\tGetHandleVerifier [0x00007FF60461F83D+1301229]\n\tGetHandleVerifier [0x00007FF60462BDB7+1351783]\n\tGetHandleVerifier [0x00007FF604622A03+1313971]\n\tGetHandleVerifier [0x00007FF60451DD06+245686]\n\t(No symbol) [0x00007FF6044A758F]\n\t(No symbol) [0x00007FF6044A3804]\n\t(No symbol) [0x00007FF6044A3992]\n\t(No symbol) [0x00007FF60449A3EF]\n\tBaseThreadInitThunk [0x00007FFD6E707374+20]\n\tRtlUserThreadStart [0x00007FFD6EE3CC91+33]", "trace": "self = <testcase.test_book_group_lesson.TestBookAGroup object at 0x0000026A72A49670>\n\n    def test_book_a_gropu_lesson(self):\n        book_group_lesson = BookGroupLesson(self.driver)\n        book_group_lesson.lta_username(TestData.Username)\n        book_group_lesson.lta_password(TestData.Password)\n        book_group_lesson.click_lta_login()\n        book_group_lesson.Accept_all_cookies()\n        element = book_group_lesson.find_element(*book_group_lesson.locate.play)\n        book_group_lesson.hover_over_element(element)\n        book_group_lesson.play_module()\n        element = book_group_lesson.find_element(*book_group_lesson.locate.remove_location)\n        book_group_lesson.hover_over_element(element)\n        book_group_lesson.group_lesson_checkbox(\"Wimbledon, London, UK\")\n        book_group_lesson.group_lesson_dropdown()\n        book_group_lesson.find_a_court()\n        book_group_lesson.Recurring()\n>       book_group_lesson.Recurring_dropdown_box()\n\ntestcase\\test_book_group_lesson.py:23: \n_ _ _ _ _ _ _ _ _ _ _ _ _ _ _ _ _ _ _ _ _ _ _ _ _ _ _ _ _ _ _ _ _ _ _ _ _ _ _ _ _ _ _ _ _ _ _ _ _ _ _ _ _ _ _ _\nPageobject\\book_a_group_page.py:57: in Recurring_dropdown_box\n    self.wait_for_element(self.locate.recurring_checkbox_dropdown).click()\nPageobject\\base_page.py:32: in wait_for_element\n    return self.wait.until(EC.presence_of_element_located(locator))\n_ _ _ _ _ _ _ _ _ _ _ _ _ _ _ _ _ _ _ _ _ _ _ _ _ _ _ _ _ _ _ _ _ _ _ _ _ _ _ _ _ _ _ _ _ _ _ _ _ _ _ _ _ _ _ _\n\nself = <selenium.webdriver.support.wait.WebDriverWait (session=\"f5642913bd830b9755822bd4a57cf576\")>\nmethod = <function presence_of_element_located.<locals>._predicate at 0x0000026A73536AC0>, message = ''\n\n    def until(self, method: Callable[[D], Union[Literal[False], T]], message: str = \"\") -> T:\n        \"\"\"Calls the method provided with the driver as an argument until the \\\n        return value does not evaluate to ``False``.\n    \n        :param method: callable(WebDriver)\n        :param message: optional message for :exc:`TimeoutException`\n        :returns: the result of the last call to `method`\n        :raises: :exc:`selenium.common.exceptions.TimeoutException` if timeout occurs\n        \"\"\"\n        screen = None\n        stacktrace = None\n    \n        end_time = time.monotonic() + self._timeout\n        while True:\n            try:\n                value = method(self._driver)\n                if value:\n                    return value\n            except self._ignored_exceptions as exc:\n                screen = getattr(exc, \"screen\", None)\n                stacktrace = getattr(exc, \"stacktrace\", None)\n            time.sleep(self._poll)\n            if time.monotonic() > end_time:\n                break\n>       raise TimeoutException(message, screen, stacktrace)\nE       selenium.common.exceptions.TimeoutException: Message: \nE       Stacktrace:\nE       \tGetHandleVerifier [0x00007FF6044E9632+30946]\nE       \t(No symbol) [0x00007FF60449E3C9]\nE       \t(No symbol) [0x00007FF604396FDA]\nE       \t(No symbol) [0x00007FF6043E822C]\nE       \t(No symbol) [0x00007FF6043E850C]\nE       \t(No symbol) [0x00007FF60442DCB7]\nE       \t(No symbol) [0x00007FF60440CAAF]\nE       \t(No symbol) [0x00007FF60442B041]\nE       \t(No symbol) [0x00007FF60440C813]\nE       \t(No symbol) [0x00007FF6043DA6E5]\nE       \t(No symbol) [0x00007FF6043DB021]\nE       \tGetHandleVerifier [0x00007FF60461F83D+1301229]\nE       \tGetHandleVerifier [0x00007FF60462BDB7+1351783]\nE       \tGetHandleVerifier [0x00007FF604622A03+1313971]\nE       \tGetHandleVerifier [0x00007FF60451DD06+245686]\nE       \t(No symbol) [0x00007FF6044A758F]\nE       \t(No symbol) [0x00007FF6044A3804]\nE       \t(No symbol) [0x00007FF6044A3992]\nE       \t(No symbol) [0x00007FF60449A3EF]\nE       \tBaseThreadInitThunk [0x00007FFD6E707374+20]\nE       \tRtlUserThreadStart [0x00007FFD6EE3CC91+33]\n\nmyenv\\Lib\\site-packages\\selenium\\webdriver\\support\\wait.py:105: TimeoutException"}, "attachments": [{"name": "stdout", "source": "f1b8b0c8-6925-4996-ae05-97c0cb69aef9-attachment.txt", "type": "text/plain"}], "parameters": [{"name": "initialize_driver", "value": "'chrome'"}], "start": 1723015116833, "stop": 1723015164308, "uuid": "14c913d3-604f-43dc-bb9f-3435983e92c0", "historyId": "70b9e9940bdb7290cad2b7719ecca25d", "testCaseId": "f0edef85109a5c1d56e7050972ff9f48", "fullName": "testcase.test_book_group_lesson.TestBookAGroup#test_book_a_gropu_lesson", "labels": [{"name": "tag", "value": "@pytest.mark.usefixtures('initialize_driver')"}, {"name": "parentSuite", "value": "testcase"}, {"name": "suite", "value": "test_book_group_lesson"}, {"name": "subSuite", "value": "TestBookAGroup"}, {"name": "host", "value": "VEROLTBLRLT352"}, {"name": "thread", "value": "22816-MainThread"}, {"name": "framework", "value": "pytest"}, {"name": "language", "value": "cpython3"}, {"name": "package", "value": "testcase.test_book_group_lesson"}]}